<?xml version="1.0" encoding="UTF-8"?>
<!-- Generated by org.testng.reporters.JUnitReportReporter -->
<testsuite hostname="LAPTOP-S0JBVFQI" failures="0" tests="3" name="testcases.TS_FindHospitals" time="264.785" errors="0" timestamp="11 May 2021 06:04:57 GMT" skipped="0">
  <testcase classname="testcases.TS_FindHospitals" name="hospitalSearch" time="244.449"/>
  <testcase classname="testcases.TS_FindHospitals" name="topCities" time="8.676"/>
  <testcase classname="testcases.TS_FindHospitals" name="getAlert" time="11.660"/>
</testsuite> <!-- testcases.TS_FindHospitals -->
