<?xml version="1.0" encoding="UTF-8"?>
<!-- Generated by org.testng.reporters.JUnitReportReporter -->
<testsuite hostname="LAPTOP-S0JBVFQI" failures="0" tests="3" name="testcases.TS_run" time="91.390" errors="0" timestamp="11 May 2021 13:53:39 GMT" skipped="0">
  <testcase classname="testcases.TS_run" name="hospitalSearch" time="75.426"/>
  <testcase classname="testcases.TS_run" name="topCities" time="8.046"/>
  <testcase classname="testcases.TS_run" name="getAlert" time="7.918"/>
</testsuite> <!-- testcases.TS_run -->
