<?xml version="1.0" encoding="UTF-8"?>
<!-- Generated by org.testng.reporters.JUnitReportReporter -->
<testsuite hostname="LAPTOP-S0JBVFQI" failures="0" tests="1" name="tasks.T_mainScript" time="102.935" errors="0" timestamp="12 May 2021 07:18:06 GMT" skipped="0">
  <testcase classname="tasks.T_mainScript" name="hospitalSearch" time="102.935"/>
</testsuite> <!-- tasks.T_mainScript -->
