<?xml version="1.0" encoding="UTF-8"?>
<!-- Generated by org.testng.reporters.JUnitReportReporter -->
<testsuite hostname="LAPTOP-S0JBVFQI" failures="0" tests="6" name="testcases.T_MainScript" time="245.617" errors="0" timestamp="15 May 2021 04:01:37 GMT" skipped="0">
  <testcase classname="testcases.T_MainScript" name="hospitalSearch" time="95.911"/>
  <testcase classname="testcases.T_MainScript" name="hospitalSearch" time="84.501"/>
  <testcase classname="testcases.T_MainScript" name="topCities" time="26.583"/>
  <testcase classname="testcases.T_MainScript" name="topCities" time="25.740"/>
  <testcase classname="testcases.T_MainScript" name="getAlerts" time="5.812"/>
  <testcase classname="testcases.T_MainScript" name="getAlerts" time="7.070"/>
</testsuite> <!-- testcases.T_MainScript -->
