<?xml version="1.0" encoding="UTF-8"?>
<!-- Generated by org.testng.reporters.JUnitReportReporter -->
<testsuite hostname="LAPTOP-S0JBVFQI" failures="0" tests="6" name="testcases.T_MainScript" time="256.645" errors="0" timestamp="15 May 2021 04:09:49 GMT" skipped="0">
  <testcase classname="testcases.T_MainScript" name="hospitalSearch" time="85.847"/>
  <testcase classname="testcases.T_MainScript" name="hospitalSearch" time="102.234"/>
  <testcase classname="testcases.T_MainScript" name="topCities" time="26.960"/>
  <testcase classname="testcases.T_MainScript" name="topCities" time="27.028"/>
  <testcase classname="testcases.T_MainScript" name="getAlerts" time="8.561"/>
  <testcase classname="testcases.T_MainScript" name="getAlerts" time="6.015"/>
</testsuite> <!-- testcases.T_MainScript -->
