<?xml version="1.0" encoding="UTF-8"?>
<!-- Generated by org.testng.reporters.JUnitReportReporter -->
<testsuite hostname="LAPTOP-S0JBVFQI" failures="0" tests="6" name="testcases.T_MainScript" time="233.778" errors="0" timestamp="15 May 2021 05:58:39 GMT" skipped="0">
  <testcase classname="testcases.T_MainScript" name="hospitalSearch" time="99.312"/>
  <testcase classname="testcases.T_MainScript" name="hospitalSearch" time="85.650"/>
  <testcase classname="testcases.T_MainScript" name="topCities" time="5.993"/>
  <testcase classname="testcases.T_MainScript" name="topCities" time="28.552"/>
  <testcase classname="testcases.T_MainScript" name="getAlerts" time="5.650"/>
  <testcase classname="testcases.T_MainScript" name="getAlerts" time="8.621"/>
</testsuite> <!-- testcases.T_MainScript -->
